ERROR 2012-10-19 17:51:19: Template : View 'logins' not declared
ERROR 2012-10-23 18:24:41: Template : View 'login' run file not found
ERROR 2012-10-23 18:25:41: Template : View 'home' not declared
ERROR 2012-10-23 18:25:42: Template : View 'home' not declared
ERROR 2012-12-01 22:16:02: DB : COULD NOT CONNECT TO DATABASE
ERROR 2012-12-01 22:16:55: DB : COULD NOT CONNECT TO DATABASE
ERROR 2012-12-01 22:16:55: DB : COULD NOT CONNECT TO DATABASE
ERROR 2012-12-01 22:16:55: DB : COULD NOT CONNECT TO DATABASE
ERROR 2012-12-01 22:16:56: DB : COULD NOT CONNECT TO DATABASE
ERROR 2012-12-01 22:16:56: DB : COULD NOT CONNECT TO DATABASE
ERROR 2012-12-01 22:16:56: DB : COULD NOT CONNECT TO DATABASE
ERROR 2012-12-01 22:16:56: DB : COULD NOT CONNECT TO DATABASE
ERROR 2012-12-01 22:16:56: DB : COULD NOT CONNECT TO DATABASE
ERROR 2012-12-01 22:16:57: DB : COULD NOT CONNECT TO DATABASE
ERROR 2012-12-01 22:16:57: DB : COULD NOT CONNECT TO DATABASE
ERROR 2012-12-01 22:16:57: DB : COULD NOT CONNECT TO DATABASE
ERROR 2012-12-01 22:16:57: DB : COULD NOT CONNECT TO DATABASE
ERROR 2012-12-01 22:17:19: DB : COULD NOT CONNECT TO DATABASE
ERROR 2012-12-01 22:17:19: DB : COULD NOT CONNECT TO DATABASE
ERROR 2012-12-01 22:17:19: DB : COULD NOT CONNECT TO DATABASE
ERROR 2012-12-01 22:17:19: DB : COULD NOT CONNECT TO DATABASE
ERROR 2012-12-01 22:20:38: DB : COULD NOT EXECUTE QUERY code.1146
 Table 'teleton.LISTADO_CONSULTORIOS' doesn't exist
ERROR 2012-12-01 22:20:39: DB : COULD NOT EXECUTE QUERY code.1146
 Table 'teleton.LISTADO_CONSULTORIOS' doesn't exist
ERROR 2012-12-01 22:20:39: DB : COULD NOT EXECUTE QUERY code.1146
 Table 'teleton.LISTADO_CONSULTORIOS' doesn't exist
ERROR 2012-12-01 22:20:39: DB : COULD NOT EXECUTE QUERY code.1146
 Table 'teleton.LISTADO_CONSULTORIOS' doesn't exist
ERROR 2012-12-01 22:20:39: DB : COULD NOT EXECUTE QUERY code.1146
 Table 'teleton.LISTADO_CONSULTORIOS' doesn't exist
ERROR 2012-12-01 22:20:39: DB : COULD NOT EXECUTE QUERY code.1146
 Table 'teleton.LISTADO_CONSULTORIOS' doesn't exist
ERROR 2012-12-01 22:20:40: DB : COULD NOT EXECUTE QUERY code.1146
 Table 'teleton.LISTADO_CONSULTORIOS' doesn't exist
ERROR 2012-12-01 22:20:40: DB : COULD NOT EXECUTE QUERY code.1146
 Table 'teleton.LISTADO_CONSULTORIOS' doesn't exist
ERROR 2012-12-01 22:22:37: DB : COULD NOT EXECUTE QUERY code.1146
 Table 'teleton.LISTADO_CONSULTORIOS' doesn't exist
ERROR 2012-12-01 22:22:38: DB : COULD NOT EXECUTE QUERY code.1146
 Table 'teleton.LISTADO_CONSULTORIOS' doesn't exist
ERROR 2012-12-01 22:22:38: DB : COULD NOT EXECUTE QUERY code.1146
 Table 'teleton.LISTADO_CONSULTORIOS' doesn't exist
ERROR 2012-12-01 22:22:38: DB : COULD NOT EXECUTE QUERY code.1146
 Table 'teleton.LISTADO_CONSULTORIOS' doesn't exist
ERROR 2012-12-01 22:22:38: DB : COULD NOT EXECUTE QUERY code.1146
 Table 'teleton.LISTADO_CONSULTORIOS' doesn't exist
ERROR 2012-12-01 22:22:39: DB : COULD NOT EXECUTE QUERY code.1146
 Table 'teleton.LISTADO_CONSULTORIOS' doesn't exist
ERROR 2012-12-01 22:22:39: DB : COULD NOT EXECUTE QUERY code.1146
 Table 'teleton.LISTADO_CONSULTORIOS' doesn't exist
ERROR 2012-12-01 22:22:39: DB : COULD NOT EXECUTE QUERY code.1146
 Table 'teleton.LISTADO_CONSULTORIOS' doesn't exist
ERROR 2012-12-01 22:23:12: DB : COULD NOT CONNECT TO DATABASE
ERROR 2012-12-01 22:23:53: DB : COULD NOT CONNECT TO DATABASE
ERROR 2012-12-01 22:23:54: DB : COULD NOT CONNECT TO DATABASE
ERROR 2012-12-01 22:23:54: DB : COULD NOT CONNECT TO DATABASE
ERROR 2012-12-01 22:23:54: DB : COULD NOT CONNECT TO DATABASE
